<?xml version="1.0" encoding="UTF-8"?>
<testng-results ignored="0" total="2" passed="2" failed="0" skipped="0">
  <reporter-output>
  </reporter-output>
  <suite started-at="2022-10-21T16:48:18Z" name="Suite" finished-at="2022-10-21T16:49:06Z" duration-ms="47866">
    <groups>
    </groups>
    <test started-at="2022-10-21T16:48:18Z" name="Test" finished-at="2022-10-21T16:49:06Z" duration-ms="47866">
      <class name="org.vimaleshrajavel.EcommerceTestCase_01">
        <test-method is-config="true" signature="configureAppium()[pri:0, instance:org.vimaleshrajavel.EcommerceTestCase_01@3b220bcb]" started-at="2022-10-21T16:48:18Z" name="configureAppium" finished-at="2022-10-21T16:48:46Z" duration-ms="27816" status="PASS">
          <reporter-output>
          </reporter-output>
        </test-method> <!-- configureAppium -->
        <test-method signature="fillForm(java.util.HashMap)[pri:0, instance:org.vimaleshrajavel.EcommerceTestCase_01@3b220bcb]" started-at="2022-10-21T16:48:47Z" name="fillForm" data-provider="getData" finished-at="2022-10-21T16:49:01Z" duration-ms="13968" status="PASS">
          <params>
            <param index="0">
              <value>
                <![CDATA[{name=vimal}]]>
              </value>
            </param>
          </params>
          <reporter-output>
          </reporter-output>
        </test-method> <!-- fillForm -->
        <test-method signature="fillForm(java.util.HashMap)[pri:0, instance:org.vimaleshrajavel.EcommerceTestCase_01@3b220bcb]" started-at="2022-10-21T16:49:01Z" name="fillForm" data-provider="getData" finished-at="2022-10-21T16:49:05Z" duration-ms="4320" status="PASS">
          <params>
            <param index="0">
              <value>
                <![CDATA[{name=raja}]]>
              </value>
            </param>
          </params>
          <reporter-output>
          </reporter-output>
        </test-method> <!-- fillForm -->
        <test-method is-config="true" signature="tearDown()[pri:0, instance:org.vimaleshrajavel.EcommerceTestCase_01@3b220bcb]" started-at="2022-10-21T16:49:05Z" name="tearDown" finished-at="2022-10-21T16:49:06Z" duration-ms="1088" status="PASS">
          <reporter-output>
          </reporter-output>
        </test-method> <!-- tearDown -->
      </class> <!-- org.vimaleshrajavel.EcommerceTestCase_01 -->
    </test> <!-- Test -->
  </suite> <!-- Suite -->
</testng-results>
